ncsim 15.20-s039
Linux 2.6.32-754.9.1.el6.x86_64 #1 SMP Thu Dec 6 08:02:15 UTC 2018 x86_64
CPU cores: 32
Limit information:
======================================
cputime			unlimited
filesize		unlimited
datasize		unlimited
stacksize		10240 kbytes
coredumpsize	0 kbytes
memoryuse		unlimited
vmemoryuse		unlimited
descriptors		4096
memorylocked	64 kbytes
maxproc			1024
======================================
(Special)Runtime environment variables:

Runtime environment variables:
SYNOPSYS_LC_ROOT=/usr/cad/synopsys/lc/cur
ORBIT_SOCKETDIR=/tmp/orbit-t109360234
MANPATH=/usr/cad/synopsys/synthesis/cur/doc/syn/man:/usr/cad/synopsys/synthesis/cur/doc/syn/man
SYNOPSYS_TMAX=/usr/cad/synopsys/tmax/cur
SELINUX_ROLE_REQUESTED=
TERM=xterm
SHELL=/bin/tcsh
HOST=islabx7
SSH_CLIENT=140.124.4.102 36064 22
SELINUX_USE_CURRENT_RANGE=
GTK_RC_FILES=/etc/gtk/gtkrc:/home/t109360234/.gtkrc-1.2-gnome2
WINDOWID=33554436
OLDPWD=/home/t109360234
MGC_LOCATION_MAP=NO_MAP
QTDIR=/usr/lib64/qt-3.3
QTINC=/usr/lib64/qt-3.3/include
USER=t109360234
GROUP=users
LS_COLORS=rs=0:di=01;34:ln=01;36:mh=00:pi=40;33:so=01;35:do=01;35:bd=40;33;01:cd=40;33;01:or=40;31;01:mi=01;05;37;41:su=37;41:sg=30;43:ca=30;41:tw=30;42:ow=34;42:st=37;44:ex=01;32:*.tar=01;31:*.tgz=01;31:*.arj=01;31:*.taz=01;31:*.lzh=01;31:*.lzma=01;31:*.tlz=01;31:*.txz=01;31:*.zip=01;31:*.z=01;31:*.Z=01;31:*.dz=01;31:*.gz=01;31:*.lz=01;31:*.xz=01;31:*.bz2=01;31:*.tbz=01;31:*.tbz2=01;31:*.bz=01;31:*.tz=01;31:*.deb=01;31:*.rpm=01;31:*.jar=01;31:*.rar=01;31:*.ace=01;31:*.zoo=01;31:*.cpio=01;31:*.7z=01;31:*.rz=01;31:*.jpg=01;35:*.jpeg=01;35:*.gif=01;35:*.bmp=01;35:*.pbm=01;35:*.pgm=01;35:*.ppm=01;35:*.tga=01;35:*.xbm=01;35:*.xpm=01;35:*.tif=01;35:*.tiff=01;35:*.png=01;35:*.svg=01;35:*.svgz=01;35:*.mng=01;35:*.pcx=01;35:*.mov=01;35:*.mpg=01;35:*.mpeg=01;35:*.m2v=01;35:*.mkv=01;35:*.ogm=01;35:*.mp4=01;35:*.m4v=01;35:*.mp4v=01;35:*.vob=01;35:*.qt=01;35:*.nuv=01;35:*.wmv=01;35:*.asf=01;35:*.rm=01;35:*.rmvb=01;35:*.flc=01;35:*.avi=01;35:*.fli=01;35:*.flv=01;35:*.gl=01;35:*.dl=01;35:*.xcf=01;35:*.xwd=01;35:*.yuv=01;35:*.cgm=01;35:*.emf=01;35:*.axv=01;35:*.anx=01;35:*.ogv=01;35:*.ogx=01;35:*.aac=01;36:*.au=01;36:*.flac=01;36:*.mid=01;36:*.midi=01;36:*.mka=01;36:*.mp3=01;36:*.mpc=01;36:*.ogg=01;36:*.ra=01;36:*.wav=01;36:*.axa=01;36:*.oga=01;36:*.spx=01;36:*.xspf=01;36:
SC_HLPPATH=/usr/cad/synopsys/laker/cur
LD_LIBRARY_PATH=/usr/cad/synopsys/verdi/cur/etc/lib/libstdc++/LINUX64/:/usr/cad/synopsys/verdi/cur/share/PLI/IUS/LINUX:/:/usr/cad/cadence/SPECTRE/cur/tools/lib:/usr/cad/cadence/INNOVUS/cur//tools/tlfUtil/lib:/usr/cad/cadence/INCISIV/cur/tools/lib:/usr/cad/cadence/INCISIV/cur/tools/vtools/vfault/lib:/usr/cad/synopsys/verdi/cur/etc/lib/libstdc++/LINUX64/:/usr/cad/synopsys/verdi/cur/share/PLI/IUS/LINUX:/:/usr/cad/cadence/SPECTRE/cur/tools/lib:/usr/cad/cadence/INNOVUS/cur//tools/tlfUtil/lib:/usr/cad/cadence/INCISIV/cur/tools/lib:/usr/cad/cadence/INCISIV/cur/tools/vtools/vfault/lib:/usr/openwin/lib:/usr/dt/lib:/usr/lib:/usr/local/lib
GNOME_KEYRING_SOCKET=/tmp/keyring-HrtjCM/socket
SSH_AUTH_SOCK=/tmp/keyring-HrtjCM/socket.ssh
HOSTTYPE=x86_64-linux
ENCOUNTER=/usr/cad/cadence/INNOVUS/cur/tools/fe
SESSION_MANAGER=local/unix:@/tmp/.ICE-unix/120014,unix/unix:/tmp/.ICE-unix/120014
PATH=/usr/cad/mentor/Tessent/cur/bin:/usr/cad/mentor/calibre/cur/bin:/usr/cad/synopsys/laker/cur/bin:/usr/cad/synopsys/laker_oa/cur/bin:/usr/cad/synopsys/xa/cur/bin:/usr/cad/synopsys/tmax/cur/bin:/usr/bin/X11:/usr/cad/synopsys/primetime/cur/amd64/syn/bin:/usr/bin/X11:/usr/cad/synopsys/coreConsultant/cur/bin:/usr/cad/synopsys/synthesis/cur/amd64/syn/bin:/usr/cad/synopsys/lc/cur/bin:/usr/cad/synopsys/lc/cur/bin:/usr/cad/synopsys/verdi/cur/bin:/usr/cad/synopsys/verdi/cur/nLint/bin:/usr/cad/cadence/SPECTRE/cur/tools/dfII/bin:/usr/cad/cadence/SPECTRE/cur/tools/bin:/usr/cad/cadence/INNOVUS/cur/tools/celtic/bin:/usr/cad/cadence/INNOVUS/cur/tools/plato/bin:/usr/cad/cadence/INNOVUS/cur/tools/dfII/bin:/usr/cad/cadence/INNOVUS/cur/tools/bin:/usr/cad/cadence/INNOVUS/cur//tools/tlfUtil/bin:/usr/cad/cadence/INCISIV/cur/tools/bin:/usr/cad/cadence/INCISIV/cur/tools/vtools/vfault/bin:/usr/cad/cadence/INCISIV/cur/tools/dfII/bin:/bin:/usr/bin:/usr/ucb:/etc:.
MAIL=/var/spool/mail/t109360234
PWD=/home/t109360234/Desktop/cnn2019
LANG=zh_TW.UTF-8
Laker_TCL_ToolBox=1
SYNTHESIS=/usr/cad/synopsys/synthesis/cur
SELINUX_LEVEL_REQUESTED=
PRIMETIME=/usr/cad/synopsys/primetime/cur
LM_LICENSE_FILE=1717@lshc:26585@lstc:5280@lshc:5280@lscic:5280@lsnctu:
SSH_ASKPASS=/usr/libexec/openssh/gnome-ssh-askpass
HOME=/home/t109360234
SHLVL=2
OSTYPE=linux
Laker_TCL_L3=1
MGC_HOME=/usr/cad/mentor/calibre/cur
GNOME_DESKTOP_SESSION_ID=this-is-deprecated
MGC_TMPDIR=/tmp
VENDOR=unknown
MACHTYPE=x86_64
LOGNAME=t109360234
QTLIB=/usr/lib64/qt-3.3/lib
CVS_RSH=ssh
DBUS_SESSION_BUS_ADDRESS=unix:abstract=/tmp/dbus-Lba1Xq6OLd,guid=736cb2a7e8bfd0c63c3dce1e002d9ff8
SSH_CONNECTION=140.124.4.102 36064 140.124.72.42 22
LESSOPEN=||/usr/bin/lesspipe.sh %s
SHLIB_PATH=/usr/cad/synopsys/verdi/cur/etc/lib/libstdc++/LINUX64/:/usr/cad/synopsys/verdi/cur/etc/lib/libstdc++/LINUX64/
DISPLAY=localhost:10.0
SYN_MAN_DIR=/usr/cad/synopsys/synthesis/cur/doc/syn/man
G_BROKEN_FILENAMES=1
COLORTERM=gnome-terminal
REMOTEHOST=localhost
_IRUNROOT_=/usr/cad/cadence/INCISIV/cur/tools
CDS_ARCH=lnx86
NCRUNMODE=ncverilog:./INCA_libs/irun.lnx86.15.20.nc
IRUNBATCH=FALSE
IMPERAS_PORT_FILE=.vsp_ovp_gdb_port
TCL_LIBRARY=/usr/cad/cadence/INCISIV/cur/tools/inca/files/tcl/library
Runtime command line arguments:
argv[0]=ncverilog
argv[1]=testfixture.v
argv[2]=CONV.v
86 profile - 100
          CPU/Mem usage: 0.020 sys,  0.010 user,  61.67M sys,  0.00M vm
87 VC callback profile - scalar:0 vector:0
88 Tue Jan  3 02:43:31 2023
89 pliAppInit
90 FSDB_GATE is disabled.
91 Enable Parallel Dumping.
92 pliAppMiscSet: New Sim Round
93 pliEntryInit
94 LIBSSCORE=found /usr/cad/synopsys/verdi/cur/share/PLI/IUS/LINUX/libsscore_ius152.so through $LD_LIBRARY_PATH setting.
95 argv[0]: CONV.fsdb
96 FSDB Dumper for IUS, Release Verdi_Q-2020.03, Linux, 02/09/2020
97 (C) 1996 - 2020 by Synopsys, Inc.
98 sps_call_fsdbDumpfile at 0 : /home/t109360234/Desktop/cnn2019/testfixture.v(78)
99 argv[0]: CONV.fsdb
100 *Verdi* FSDB WARNING: The FSDB file already exists. Overwriting the FSDB file may crash the programs that are using this file.
101 *Verdi* : Create FSDB file 'CONV.fsdb'
102 sps_call_fsdbDumpvars at 0 : /home/t109360234/Desktop/cnn2019/testfixture.v(79)
103 *Verdi* : Begin traversing the scopes, layer (0).
104 *Verdi* WARNING: [NoReadAccess][FilterOut]Name:testfixture.L0_MEM0(116)
105 *Verdi* WARNING: [NoReadAccess][FilterOut]Name:testfixture.L0_MEM1(116)
106 *Verdi* WARNING: [NoReadAccess][FilterOut]Name:testfixture.L1_MEM0(116)
107 *Verdi* WARNING: [NoReadAccess][FilterOut]Name:testfixture.L1_MEM1(116)
108 *Verdi* WARNING: [NoReadAccess][FilterOut]Name:testfixture.L2_MEM(116)
109 *Verdi* WARNING: [NoReadAccess][FilterOut]Name:testfixture.reset(48)
110 *Verdi* WARNING: [NoReadAccess][FilterOut]Name:testfixture.clk(48)
111 *Verdi* WARNING: [NoReadAccess][FilterOut]Name:testfixture.ready(48)
112 *Verdi* WARNING: [NoReadAccess][FilterOut]Name:testfixture.cdata_rd(48)
113 *Verdi* WARNING: [NoReadAccess][FilterOut]Name:testfixture.idata(48)
114 *Verdi* WARNING: [NoReadAccess][FilterOut]Name:testfixture.p0(25)
115 *Verdi* WARNING: [NoReadAccess][FilterOut]Name:testfixture.p1(25)
116 *Verdi* WARNING: [NoReadAccess][FilterOut]Name:testfixture.p3(25)
117 *Verdi* WARNING: [NoReadAccess][FilterOut]Name:testfixture.p4(25)
118 *Verdi* WARNING: [NoReadAccess][FilterOut]Name:testfixture.p2(25)
119 *Verdi* WARNING: [NoReadAccess][FilterOut]Name:testfixture.err00(25)
120 *Verdi* WARNING: [NoReadAccess][FilterOut]Name:testfixture.err01(25)
121 *Verdi* WARNING: [NoReadAccess][FilterOut]Name:testfixture.err10(25)
122 *Verdi* WARNING: [NoReadAccess][FilterOut]Name:testfixture.err11(25)
123 *Verdi* WARNING: [NoReadAccess][FilterOut]Name:testfixture.err2(25)
124 *Verdi* WARNING: [NoReadAccess][FilterOut]Name:testfixture.pat_num(25)
125 *Verdi* WARNING: [NoReadAccess][FilterOut]Name:testfixture.check0(48)
126 *Verdi* WARNING: [NoReadAccess][FilterOut]Name:testfixture.check1(48)
127 *Verdi* WARNING: [NoReadAccess][FilterOut]Name:testfixture.check2(48)
128 *Verdi* WARNING: [NoReadAccess][FilterOut]Name:testfixture.cwr(36)
129 *Verdi* WARNING: [NoReadAccess][FilterOut]Name:testfixture.crd(36)
130 *Verdi* WARNING: [NoReadAccess][FilterOut]Name:testfixture.cdata_wr(36)
131 *Verdi* WARNING: [NoReadAccess][FilterOut]Name:testfixture.csel(36)
132 *Verdi* WARNING: [NoReadAccess][FilterOut]Name:testfixture.caddr_rd(36)
133 *Verdi* WARNING: [NoReadAccess][FilterOut]Name:testfixture.caddr_wr(36)
134 *Verdi* WARNING: [NoReadAccess][FilterOut]Name:testfixture.iaddr(36)
135 *Verdi* WARNING: [NoReadAccess][FilterOut]Name:testfixture.busy(36)
136 *Verdi* WARNING: [NoReadAccess][FilterOut]Name:testfixture.u_CONV.busy(48)
137 *Verdi* WARNING: [NoReadAccess][FilterOut]Name:testfixture.u_CONV.iaddr(48)
138 *Verdi* WARNING: [NoReadAccess][FilterOut]Name:testfixture.u_CONV.cwr(48)
139 *Verdi* WARNING: [NoReadAccess][FilterOut]Name:testfixture.u_CONV.caddr_wr(48)
140 *Verdi* WARNING: [NoReadAccess][FilterOut]Name:testfixture.u_CONV.cdata_wr(48)
141 *Verdi* WARNING: [NoReadAccess][FilterOut]Name:testfixture.u_CONV.crd(48)
142 *Verdi* WARNING: [NoReadAccess][FilterOut]Name:testfixture.u_CONV.caddr_rd(48)
143 *Verdi* WARNING: [NoReadAccess][FilterOut]Name:testfixture.u_CONV.csel(48)
144 *Verdi* WARNING: [NoReadAccess][FilterOut]Name:testfixture.u_CONV.indexx(48)
145 *Verdi* WARNING: [NoReadAccess][FilterOut]Name:testfixture.u_CONV.indexy(48)
146 *Verdi* WARNING: [NoReadAccess][FilterOut]Name:testfixture.u_CONV.sindex(48)
147 *Verdi* WARNING: [NoReadAccess][FilterOut]Name:testfixture.u_CONV.state(48)
148 *Verdi* WARNING: [NoReadAccess][FilterOut]Name:testfixture.u_CONV.buffer(116)
149 *Verdi* WARNING: [NoReadAccess][FilterOut]Name:testfixture.u_CONV.string0(116)
150 *Verdi* WARNING: [NoReadAccess][FilterOut]Name:testfixture.u_CONV.string1(116)
151 *Verdi* WARNING: [NoReadAccess][FilterOut]Name:testfixture.u_CONV.l0temp1(48)
152 *Verdi* WARNING: [NoReadAccess][FilterOut]Name:testfixture.u_CONV.l0temp2(48)
153 *Verdi* WARNING: [NoReadAccess][FilterOut]Name:testfixture.u_CONV.l0temp3(48)
154 *Verdi* WARNING: [NoReadAccess][FilterOut]Name:testfixture.u_CONV.l0temp4(48)
155 *Verdi* WARNING: [NoReadAccess][FilterOut]Name:testfixture.u_CONV.center(116)
156 *Verdi* WARNING: [NoReadAccess][FilterOut]Name:testfixture.u_CONV.l0addr(48)
157 *Verdi* WARNING: [NoReadAccess][FilterOut]Name:testfixture.u_CONV.l1addr(48)
158 *Verdi* WARNING: [NoReadAccess][FilterOut]Name:testfixture.u_CONV.l2addr(48)
159 *Verdi* WARNING: [NoReadAccess][FilterOut]Name:testfixture.u_CONV.temp0(48)
160 *Verdi* WARNING: [NoReadAccess][FilterOut]Name:testfixture.u_CONV.temp1(48)
161 *Verdi* WARNING: [NoReadAccess][FilterOut]Name:testfixture.u_CONV.write0(48)
162 *Verdi* WARNING: [NoReadAccess][FilterOut]Name:testfixture.u_CONV.i(25)
163 *Verdi* WARNING: [NoReadAccess][FilterOut]Name:testfixture.u_CONV.j(25)
164 *Verdi* WARNING: [NoReadAccess][FilterOut]Name:testfixture.u_CONV.k(25)
165 *Verdi* WARNING: [NoReadAccess][FilterOut]Name:testfixture.u_CONV.clk(36)
166 *Verdi* WARNING: [NoReadAccess][FilterOut]Name:testfixture.u_CONV.reset(36)
167 *Verdi* WARNING: [NoReadAccess][FilterOut]Name:testfixture.u_CONV.ready(36)
168 *Verdi* WARNING: [NoReadAccess][FilterOut]Name:testfixture.u_CONV.idata(36)
169 *Verdi* WARNING: [NoReadAccess][FilterOut]Name:testfixture.u_CONV.cdata_rd(36)
170 *Verdi* WARNING: [NoReadAccess][FilterOut]Name:testfixture.u_CONV.filter1(114)
171 *Verdi* WARNING: [NoReadAccess][FilterOut]Name:testfixture.u_CONV.filter2(114)
172 *Verdi* : End of traversing.
173 fsdbDumpvars traverse var: profile - 
          CPU/Mem usage: 0.030 sys,  0.020 user,  144.01M sys,  0.00M vm
                   incr: 0.000 sys,  0.010 user,  3.50M sys,  0.00M vm
                   accu: 0.000 sys,  0.010 user,  3.50M sys,  0.00M vm
              accu incr: 0.000 sys,  0.010 user,  3.50M sys,  0.00M vm

          Count usage: 0 var,  0 idcode,  0 callback
                 incr: 0 var,  0 idcode,  0 callback
                 accu: 0 var,  0 idcode,  0 callback
            accu incr: 0 var,  0 idcode,  0 callback
174 VC callback profile - scalar:0 vector:0
175 Tue Jan  3 02:43:31 2023
176 fsdbDumpvars: profile - 
          CPU/Mem usage: 0.030 sys,  0.020 user,  144.01M sys,  0.00M vm
                   incr: 0.000 sys,  0.000 user,  0.00M sys,  0.00M vm
                   accu: 0.000 sys,  0.010 user,  3.50M sys,  0.00M vm
              accu incr: 0.000 sys,  0.000 user,  0.00M sys,  0.00M vm

          Count usage: 0 var,  0 idcode,  0 callback
                 incr: 0 var,  0 idcode,  0 callback
                 accu: 0 var,  0 idcode,  0 callback
            accu incr: 0 var,  0 idcode,  0 callback
177 VC callback profile - scalar:0 vector:0
178 Tue Jan  3 02:43:31 2023
179 sps_call_fsdbDumpMDA at 0 : /home/t109360234/Desktop/cnn2019/testfixture.v(80)
180 *Verdi* : Begin traversing the MDAs, layer (0).
181 *Verdi* : Enable +mda and +packedmda dumping.
182 *Verdi* WARNING: [NoReadAccess][FilterOut]Name:testfixture.L0_MEM0(116)
183 *Verdi* WARNING: [NoReadAccess][FilterOut]Name:testfixture.L0_MEM1(116)
184 *Verdi* WARNING: [NoReadAccess][FilterOut]Name:testfixture.L1_MEM0(116)
185 *Verdi* WARNING: [NoReadAccess][FilterOut]Name:testfixture.L1_MEM1(116)
186 *Verdi* WARNING: [NoReadAccess][FilterOut]Name:testfixture.L2_MEM(116)
187 *Verdi* WARNING: [NoReadAccess][FilterOut]Name:testfixture.reset(48)
188 *Verdi* WARNING: [NoReadAccess][FilterOut]Name:testfixture.clk(48)
189 *Verdi* WARNING: [NoReadAccess][FilterOut]Name:testfixture.ready(48)
190 *Verdi* WARNING: [NoReadAccess][FilterOut]Name:testfixture.cdata_rd(48)
191 *Verdi* WARNING: [NoReadAccess][FilterOut]Name:testfixture.idata(48)
192 *Verdi* WARNING: [NoReadAccess][FilterOut]Name:testfixture.p0(25)
193 *Verdi* WARNING: [NoReadAccess][FilterOut]Name:testfixture.p1(25)
194 *Verdi* WARNING: [NoReadAccess][FilterOut]Name:testfixture.p3(25)
195 *Verdi* WARNING: [NoReadAccess][FilterOut]Name:testfixture.p4(25)
196 *Verdi* WARNING: [NoReadAccess][FilterOut]Name:testfixture.p2(25)
197 *Verdi* WARNING: [NoReadAccess][FilterOut]Name:testfixture.err00(25)
198 *Verdi* WARNING: [NoReadAccess][FilterOut]Name:testfixture.err01(25)
199 *Verdi* WARNING: [NoReadAccess][FilterOut]Name:testfixture.err10(25)
200 *Verdi* WARNING: [NoReadAccess][FilterOut]Name:testfixture.err11(25)
201 *Verdi* WARNING: [NoReadAccess][FilterOut]Name:testfixture.err2(25)
202 *Verdi* WARNING: [NoReadAccess][FilterOut]Name:testfixture.pat_num(25)
203 *Verdi* WARNING: [NoReadAccess][FilterOut]Name:testfixture.check0(48)
204 *Verdi* WARNING: [NoReadAccess][FilterOut]Name:testfixture.check1(48)
205 *Verdi* WARNING: [NoReadAccess][FilterOut]Name:testfixture.check2(48)
206 *Verdi* WARNING: [NoReadAccess][FilterOut]Name:testfixture.cwr(36)
207 *Verdi* WARNING: [NoReadAccess][FilterOut]Name:testfixture.crd(36)
208 *Verdi* WARNING: [NoReadAccess][FilterOut]Name:testfixture.cdata_wr(36)
209 *Verdi* WARNING: [NoReadAccess][FilterOut]Name:testfixture.csel(36)
210 *Verdi* WARNING: [NoReadAccess][FilterOut]Name:testfixture.caddr_rd(36)
211 *Verdi* WARNING: [NoReadAccess][FilterOut]Name:testfixture.caddr_wr(36)
212 *Verdi* WARNING: [NoReadAccess][FilterOut]Name:testfixture.iaddr(36)
213 *Verdi* WARNING: [NoReadAccess][FilterOut]Name:testfixture.busy(36)
214 *Verdi* WARNING: [NoReadAccess][FilterOut]Name:testfixture.u_CONV.busy(48)
215 *Verdi* WARNING: [NoReadAccess][FilterOut]Name:testfixture.u_CONV.iaddr(48)
216 *Verdi* WARNING: [NoReadAccess][FilterOut]Name:testfixture.u_CONV.cwr(48)
217 *Verdi* WARNING: [NoReadAccess][FilterOut]Name:testfixture.u_CONV.caddr_wr(48)
218 *Verdi* WARNING: [NoReadAccess][FilterOut]Name:testfixture.u_CONV.cdata_wr(48)
219 *Verdi* WARNING: [NoReadAccess][FilterOut]Name:testfixture.u_CONV.crd(48)
220 *Verdi* WARNING: [NoReadAccess][FilterOut]Name:testfixture.u_CONV.caddr_rd(48)
221 *Verdi* WARNING: [NoReadAccess][FilterOut]Name:testfixture.u_CONV.csel(48)
222 *Verdi* WARNING: [NoReadAccess][FilterOut]Name:testfixture.u_CONV.indexx(48)
223 *Verdi* WARNING: [NoReadAccess][FilterOut]Name:testfixture.u_CONV.indexy(48)
224 *Verdi* WARNING: [NoReadAccess][FilterOut]Name:testfixture.u_CONV.sindex(48)
225 *Verdi* WARNING: [NoReadAccess][FilterOut]Name:testfixture.u_CONV.state(48)
226 *Verdi* WARNING: [NoReadAccess][FilterOut]Name:testfixture.u_CONV.buffer(116)
227 *Verdi* WARNING: [NoReadAccess][FilterOut]Name:testfixture.u_CONV.string0(116)
228 *Verdi* WARNING: [NoReadAccess][FilterOut]Name:testfixture.u_CONV.string1(116)
229 *Verdi* WARNING: [NoReadAccess][FilterOut]Name:testfixture.u_CONV.l0temp1(48)
230 *Verdi* WARNING: [NoReadAccess][FilterOut]Name:testfixture.u_CONV.l0temp2(48)
231 *Verdi* WARNING: [NoReadAccess][FilterOut]Name:testfixture.u_CONV.l0temp3(48)
232 *Verdi* WARNING: [NoReadAccess][FilterOut]Name:testfixture.u_CONV.l0temp4(48)
233 *Verdi* WARNING: [NoReadAccess][FilterOut]Name:testfixture.u_CONV.center(116)
234 *Verdi* WARNING: [NoReadAccess][FilterOut]Name:testfixture.u_CONV.l0addr(48)
235 *Verdi* WARNING: [NoReadAccess][FilterOut]Name:testfixture.u_CONV.l1addr(48)
236 *Verdi* WARNING: [NoReadAccess][FilterOut]Name:testfixture.u_CONV.l2addr(48)
237 *Verdi* WARNING: [NoReadAccess][FilterOut]Name:testfixture.u_CONV.temp0(48)
238 *Verdi* WARNING: [NoReadAccess][FilterOut]Name:testfixture.u_CONV.temp1(48)
239 *Verdi* WARNING: [NoReadAccess][FilterOut]Name:testfixture.u_CONV.write0(48)
240 *Verdi* WARNING: [NoReadAccess][FilterOut]Name:testfixture.u_CONV.i(25)
241 *Verdi* WARNING: [NoReadAccess][FilterOut]Name:testfixture.u_CONV.j(25)
242 *Verdi* WARNING: [NoReadAccess][FilterOut]Name:testfixture.u_CONV.k(25)
243 *Verdi* WARNING: [NoReadAccess][FilterOut]Name:testfixture.u_CONV.clk(36)
244 *Verdi* WARNING: [NoReadAccess][FilterOut]Name:testfixture.u_CONV.reset(36)
245 *Verdi* WARNING: [NoReadAccess][FilterOut]Name:testfixture.u_CONV.ready(36)
246 *Verdi* WARNING: [NoReadAccess][FilterOut]Name:testfixture.u_CONV.idata(36)
247 *Verdi* WARNING: [NoReadAccess][FilterOut]Name:testfixture.u_CONV.cdata_rd(36)
248 *Verdi* WARNING: [NoReadAccess][FilterOut]Name:testfixture.u_CONV.filter1(114)
249 *Verdi* WARNING: [NoReadAccess][FilterOut]Name:testfixture.u_CONV.filter2(114)
250 *Verdi* : End of traversing the MDAs.
251 fsdbDumpMDA traverse var: profile - 
          CPU/Mem usage: 0.030 sys,  0.050 user,  145.27M sys,  0.00M vm
                   incr: 0.000 sys,  0.030 user,  1.26M sys,  0.00M vm
                   accu: 0.000 sys,  0.030 user,  1.26M sys,  0.00M vm
              accu incr: 0.000 sys,  0.030 user,  1.26M sys,  0.00M vm

          Count usage: 16384 var,  16384 idcode,  16390 callback
                 incr: 16384 var,  16384 idcode,  16390 callback
                 accu: 16384 var,  16384 idcode,  16390 callback
            accu incr: 16384 var,  16384 idcode,  16390 callback
252 VC callback profile - scalar:0 vector:0
253 Tue Jan  3 02:43:31 2023
254 fsdbDumpMDA: profile - 
          CPU/Mem usage: 0.030 sys,  0.050 user,  146.88M sys,  0.00M vm
                   incr: 0.000 sys,  0.000 user,  1.61M sys,  0.00M vm
                   accu: 0.000 sys,  0.030 user,  2.87M sys,  0.00M vm
              accu incr: 0.000 sys,  0.000 user,  1.61M sys,  0.00M vm

          Count usage: 16384 var,  16384 idcode,  16390 callback
                 incr: 0 var,  0 idcode,  0 callback
                 accu: 16384 var,  16384 idcode,  16390 callback
            accu incr: 0 var,  0 idcode,  0 callback
255 VC callback profile - scalar:0 vector:16384
256 Tue Jan  3 02:43:31 2023
257 End of simulation at 35068180
258 VC callback profile - scalar:0 vector:32768
259 Tue Jan  3 02:43:31 2023
260 Begin FSDB profile info:
261 FSDB Writer : bc1(0) bcn(32768) mtf/stf(0/0)
FSDB Writer elapsed time : flush(0.009256) io wait(0.000000) theadpool wait(0.000000)
FSDB Writer cpu time : MT Compression : 0
262 End FSDB profile info
263 Parallel profile    -  Flush:4 Expand:0 ProduceWait:0 ConsumerWait:0 BlockUsed:1
264                        ProduceTime:0.131371748 ConsumerTime:0.000000000 Buffer:64MB
265 SimExit
266 Sim process exit
